<?xml version="1.0" encoding="UTF-8"?>
<testsuite name="StringCalculatorTest" tests="1" skipped="0" failures="0" errors="0" timestamp="2016-11-08T20:35:23" hostname="russell-Aspire-V5-591G" time="0.004">
  <properties/>
  <testcase name="ClassTest" classname="StringCalculatorTest" time="0.004"/>
  <system-out><![CDATA[]]></system-out>
  <system-err><![CDATA[]]></system-err>
</testsuite>
