<?xml version="1.0" encoding="UTF-8"?>
<testsuite name="StringCalculatorTest" tests="1" skipped="0" failures="0" errors="0" timestamp="2016-11-08T21:57:35" hostname="russell-Aspire-V5-591G" time="0.001">
  <properties/>
  <testcase name="oneNumberInput" classname="StringCalculatorTest" time="0.001"/>
  <system-out><![CDATA[5
]]></system-out>
  <system-err><![CDATA[]]></system-err>
</testsuite>
